<?xml version="1.0" encoding="UTF-8"?>
<!-- Generated by org.testng.reporters.JUnitReportReporter -->
<testsuite hostname="Shankar" failures="0" tests="1" name="com.practice.News18Practice" time="187.889" errors="0" timestamp="2024-05-20T16:44:39 IST" skipped="0">
  <testcase classname="com.practice.News18Practice" name="test1" time="187.889"/>
  <system-out/>
</testsuite> <!-- com.practice.News18Practice -->
