<?xml version="1.0" encoding="UTF-8"?>
<!-- Generated by org.testng.reporters.JUnitReportReporter -->
<testsuite hostname="Shankar" failures="0" tests="1" name="com.DoctorModule.Book_AppointmentsTest" time="30.626" errors="0" timestamp="2024-02-28T09:52:51 IST" skipped="0">
  <testcase classname="com.DoctorModule.Book_AppointmentsTest" name="Book_Appointments_Test" time="30.626"/>
  <system-out/>
</testsuite> <!-- com.DoctorModule.Book_AppointmentsTest -->
