<?xml version="1.0" encoding="UTF-8"?>
<!-- Generated by org.testng.reporters.JUnitReportReporter -->
<testsuite hostname="Shankar" failures="0" tests="2" name="com.practice.Dataprovider" time="0.046" errors="0" timestamp="2024-02-26T15:53:48 IST" skipped="0">
  <testcase classname="com.practice.Dataprovider" name="print" time="0.039"/>
  <system-out/>
  <testcase classname="com.practice.Dataprovider" name="print" time="0.007"/>
  <system-out/>
</testsuite> <!-- com.practice.Dataprovider -->
