<?xml version="1.0" encoding="UTF-8"?>
<!-- Generated by org.testng.reporters.JUnitReportReporter -->
<testsuite hostname="Shankar" failures="0" tests="1" name="assignment.AmazonPrimeVideoMovieName" time="0.024" errors="0" timestamp="2024-05-18T10:07:05 IST" skipped="0">
  <testcase classname="assignment.AmazonPrimeVideoMovieName" name="mn" time="0.024"/>
  <system-out/>
</testsuite> <!-- assignment.AmazonPrimeVideoMovieName -->
