<?xml version="1.0" encoding="UTF-8"?>
<!-- Generated by org.testng.reporters.JUnitReportReporter -->
<testsuite hostname="Shankar" failures="0" tests="1" name="com.practice.Maven1Test" time="0.035" errors="0" timestamp="2024-02-14T17:07:39 IST" skipped="0">
  <testcase classname="com.practice.Maven1Test" name="example2Test" time="0.035"/>
  <system-out/>
</testsuite> <!-- com.practice.Maven1Test -->
