<?xml version="1.0" encoding="UTF-8"?>
<!-- Generated by org.testng.reporters.JUnitReportReporter -->
<testsuite hostname="Shankar" failures="0" tests="1" name="com.practice.CaptchaHandling" time="51.696" errors="0" timestamp="2024-04-12T10:50:14 IST" skipped="0">
  <testcase classname="com.practice.CaptchaHandling" name="t1" time="51.696"/>
  <system-out/>
</testsuite> <!-- com.practice.CaptchaHandling -->
