<?xml version="1.0" encoding="UTF-8"?>
<!-- Generated by org.testng.reporters.JUnitReportReporter -->
<testsuite hostname="Shankar" failures="0" tests="1" name="assignment.getCentreDataInADynamicWebTable" time="20.142" errors="0" timestamp="2024-05-09T17:24:08 IST" skipped="0">
  <testcase classname="assignment.getCentreDataInADynamicWebTable" name="man" time="20.142"/>
  <system-out>
man---> Execution Reports man--->test Script executed Succesfully  </system-out>
</testsuite> <!-- assignment.getCentreDataInADynamicWebTable -->
