<?xml version="1.0" encoding="UTF-8"?>
<!-- Generated by org.testng.reporters.JUnitReportReporter -->
<testsuite hostname="Shankar" failures="0" tests="2" name="com.practice.MavenTest" time="0.165" errors="0" timestamp="2024-02-24T10:39:26 IST" skipped="0">
  <testcase classname="com.practice.MavenTest" name="sample_2Test" time="0.014"/>
  <system-out/>
  <testcase classname="com.practice.MavenTest" name="sample_1Test" time="0.151"/>
  <system-out/>
</testsuite> <!-- com.practice.MavenTest -->
