<?xml version="1.0" encoding="UTF-8"?>
<!-- Generated by org.testng.reporters.JUnitReportReporter -->
<testsuite hostname="Shankar" failures="0" tests="1" name="com.practice.sample2Test" time="0.029" errors="0" timestamp="2024-03-01T16:13:12 IST" skipped="0">
  <testcase classname="com.practice.sample2Test" name="testScript7_Test" time="0.029"/>
  <system-out/>
</testsuite> <!-- com.practice.sample2Test -->
