<?xml version="1.0" encoding="UTF-8"?>
<!-- Generated by org.testng.reporters.JUnitReportReporter -->
<testsuite hostname="Shankar" failures="0" tests="1" name="javaPractice.collection" time="0.028" errors="0" timestamp="2024-04-03T09:53:49 IST" skipped="0">
  <testcase classname="javaPractice.collection" name="arraylist" time="0.028"/>
  <system-out/>
</testsuite> <!-- javaPractice.collection -->
