<?xml version="1.0" encoding="UTF-8"?>
<!-- Generated by org.testng.reporters.JUnitReportReporter -->
<testsuite hostname="Shankar" failures="0" tests="1" name="assignment.MockTest" time="36.107" errors="0" timestamp="2024-03-12T17:03:10 IST" skipped="0">
  <testcase classname="assignment.MockTest" name="mock" time="36.107"/>
  <system-out/>
</testsuite> <!-- assignment.MockTest -->
