<?xml version="1.0" encoding="UTF-8"?>
<!-- Generated by org.testng.reporters.JUnitReportReporter -->
<testsuite hostname="Shankar" failures="0" tests="1" name="com.practice.BigBasketList" time="61.472" errors="0" timestamp="2024-03-12T11:29:57 IST" skipped="0">
  <testcase classname="com.practice.BigBasketList" name="listOfproduct" time="61.472"/>
  <system-out/>
</testsuite> <!-- com.practice.BigBasketList -->
