<?xml version="1.0" encoding="UTF-8"?>
<!-- Generated by org.testng.reporters.JUnitReportReporter -->
<testsuite hostname="Shankar" failures="0" tests="1" name="javaPractice.collection" time="7.512" errors="0" timestamp="2024-05-17T16:58:51 IST" skipped="0">
  <testcase classname="javaPractice.collection" name="ma" time="7.512"/>
  <system-out/>
</testsuite> <!-- javaPractice.collection -->
