<?xml version="1.0" encoding="UTF-8"?>
<!-- Generated by org.testng.reporters.JUnitReportReporter -->
<testsuite hostname="Shankar" failures="0" tests="1" name="testYantraArrayPrograms.PatternProgram" time="0.032" errors="0" timestamp="2024-04-02T18:57:07 IST" skipped="0">
  <testcase classname="testYantraArrayPrograms.PatternProgram" name="s10" time="0.032"/>
  <system-out/>
</testsuite> <!-- testYantraArrayPrograms.PatternProgram -->
