<?xml version="1.0" encoding="UTF-8"?>
<!-- Generated by org.testng.reporters.JUnitReportReporter -->
<testsuite hostname="Shankar" failures="0" tests="1" name="com.practice.db" time="0.000" errors="0" timestamp="2024-03-02T09:42:45 IST" skipped="1">
  <testcase classname="com.practice.db" name="inputs" time="0.000">
    <skipped/>
  </testcase> <!-- inputs -->
  <system-out/>
</testsuite> <!-- com.practice.db -->
