<?xml version="1.0" encoding="UTF-8"?>
<!-- Generated by org.testng.reporters.JUnitReportReporter -->
<testsuite hostname="Shankar" failures="0" tests="1" name="com.practice.fetchDataFromRunConfiguration" time="0.022" errors="0" timestamp="2024-02-27T18:15:10 IST" skipped="0">
  <testcase classname="com.practice.fetchDataFromRunConfiguration" name="main11" time="0.022"/>
  <system-out/>
</testsuite> <!-- com.practice.fetchDataFromRunConfiguration -->
