<?xml version="1.0" encoding="UTF-8"?>
<!-- Generated by org.testng.reporters.JUnitReportReporter -->
<testsuite hostname="Shankar" failures="0" tests="1" name="com.doctorModule.AddPatientTest" time="25.671" errors="0" timestamp="2024-03-01T14:45:38 IST" skipped="0">
  <testcase classname="com.doctorModule.AddPatientTest" name="AddPatient_Test" time="25.671"/>
  <system-out>
AddPatient_Test---> Execution Reports AddPatient_Test--->test Script executed Succesfully  </system-out>
</testsuite> <!-- com.doctorModule.AddPatientTest -->
