<?xml version="1.0" encoding="UTF-8"?>
<!-- Generated by org.testng.reporters.JUnitReportReporter -->
<testsuite hostname="Shankar" failures="0" tests="1" name="assignment.BokkMyShowPrintThreateTiming" time="71.572" errors="0" timestamp="2024-03-06T09:52:45 IST" skipped="0">
  <testcase classname="assignment.BokkMyShowPrintThreateTiming" name="bookMyShow" time="71.572"/>
  <system-out/>
</testsuite> <!-- assignment.BokkMyShowPrintThreateTiming -->
