<?xml version="1.0" encoding="UTF-8"?>
<!-- Generated by org.testng.reporters.JUnitReportReporter -->
<testsuite hostname="Shankar" failures="0" tests="1" name="javaPractice.MapInterface" time="0.027" errors="0" timestamp="2024-05-09T12:43:44 IST" skipped="0">
  <testcase classname="javaPractice.MapInterface" name="m1" time="0.027"/>
  <system-out/>
</testsuite> <!-- javaPractice.MapInterface -->
