<?xml version="1.0" encoding="UTF-8"?>
<!-- Generated by org.testng.reporters.JUnitReportReporter -->
<testsuite hostname="Shankar" failures="0" tests="4" name="com.practice.NewTest" time="0.050" errors="0" timestamp="2024-03-01T15:24:59 IST" skipped="0">
  <testcase classname="com.practice.NewTest" name="testMethos2_Test" time="0.019"/>
  <system-out/>
  <testcase classname="com.practice.NewTest" name="testMethos2_Test" time="0.014"/>
  <system-out/>
  <testcase classname="com.practice.NewTest" name="testMethos2_Test" time="0.008"/>
  <system-out/>
  <testcase classname="com.practice.NewTest" name="testMethos2_Test" time="0.009"/>
  <system-out/>
</testsuite> <!-- com.practice.NewTest -->
