<?xml version="1.0" encoding="UTF-8"?>
<!-- Generated by org.testng.reporters.JUnitReportReporter -->
<testsuite hostname="Shankar" failures="0" tests="1" name="testYantraArrayPrograms.StringPrograms" time="0.028" errors="0" timestamp="2024-04-02T13:41:47 IST" skipped="0">
  <testcase classname="testYantraArrayPrograms.StringPrograms" name="swap" time="0.028"/>
  <system-out/>
</testsuite> <!-- testYantraArrayPrograms.StringPrograms -->
