<?xml version="1.0" encoding="UTF-8"?>
<!-- Generated by org.testng.reporters.JUnitReportReporter -->
<testsuite hostname="Shankar" failures="0" tests="2" name="com.practice.Sample1Test" time="0.021" errors="0" timestamp="2024-03-05T16:54:27 IST" skipped="0">
  <testcase classname="com.practice.Sample1Test" name="testScript2_Test" time="0.003"/>
  <system-out/>
  <testcase classname="com.practice.Sample1Test" name="testScript2_Test" time="0.018"/>
  <system-out/>
</testsuite> <!-- com.practice.Sample1Test -->
