<?xml version="1.0" encoding="UTF-8"?>
<!-- Generated by org.testng.reporters.JUnitReportReporter -->
<testsuite hostname="Shankar" failures="0" tests="6" name="testYantraArrayPrograms.ArrayPrograms" time="0.032" errors="0" timestamp="2024-05-18T22:27:47 IST" skipped="5">
  <testcase classname="testYantraArrayPrograms.ArrayPrograms" name="BinarySearch" time="0.032"/>
  <system-out/>
  <testcase classname="testYantraArrayPrograms.ArrayPrograms" name="findFirstMinimumNumber">
    <skipped/>
  </testcase> <!-- findFirstMinimumNumber -->
  <system-out/>
  <testcase classname="testYantraArrayPrograms.ArrayPrograms" name="secondMinNumber">
    <skipped/>
  </testcase> <!-- secondMinNumber -->
  <system-out/>
  <testcase classname="testYantraArrayPrograms.ArrayPrograms" name="sumOfFirstThreeMinimum">
    <skipped/>
  </testcase> <!-- sumOfFirstThreeMinimum -->
  <system-out/>
  <testcase classname="testYantraArrayPrograms.ArrayPrograms" name="firstMaximumNumber">
    <skipped/>
  </testcase> <!-- firstMaximumNumber -->
  <system-out/>
  <testcase classname="testYantraArrayPrograms.ArrayPrograms" name="desortingOrder">
    <skipped/>
  </testcase> <!-- desortingOrder -->
  <system-out/>
</testsuite> <!-- testYantraArrayPrograms.ArrayPrograms -->
