<?xml version="1.0" encoding="UTF-8"?>
<!-- Generated by org.testng.reporters.JUnitReportReporter -->
<testsuite hostname="Shankar" failures="0" tests="2" name="com.practice.DataProviderDemo" time="0.053" errors="0" timestamp="2024-02-26T13:06:40 IST" skipped="0">
  <testcase classname="com.practice.DataProviderDemo" name="sample" time="0.010"/>
  <system-out/>
  <testcase classname="com.practice.DataProviderDemo" name="sample" time="0.043"/>
  <system-out/>
</testsuite> <!-- com.practice.DataProviderDemo -->
