<?xml version="1.0" encoding="UTF-8"?>
<!-- Generated by org.testng.reporters.JUnitReportReporter -->
<testsuite hostname="Shankar" failures="0" tests="1" name="com.AdminModule.privc" time="35.862" errors="0" timestamp="2024-02-27T15:23:15 IST" skipped="0">
  <testcase classname="com.AdminModule.privc" name="Remove_user_Test" time="35.862"/>
  <system-out/>
</testsuite> <!-- com.AdminModule.privc -->
