<?xml version="1.0" encoding="UTF-8"?>
<!-- Generated by org.testng.reporters.JUnitReportReporter -->
<testsuite hostname="Shankar" failures="0" tests="2" name="com.AdminModule.Remove_userTest" time="7.617" errors="0" timestamp="2024-02-28T15:24:26 IST" skipped="1">
  <testcase classname="com.AdminModule.Remove_userTest" name="verifivation" time="7.617"/>
  <system-out/>
  <testcase classname="com.AdminModule.Remove_userTest" name="Remove_user_Test">
    <skipped/>
  </testcase> <!-- Remove_user_Test -->
  <system-out/>
</testsuite> <!-- com.AdminModule.Remove_userTest -->
