<?xml version="1.0" encoding="UTF-8"?>
<!-- Generated by org.testng.reporters.JUnitReportReporter -->
<testsuite hostname="Shankar" failures="0" tests="10" name="testYantraArrayPrograms.ArrayPrograms" time="0.021" errors="0" timestamp="2024-04-01T10:33:43 IST" skipped="9">
  <testcase classname="testYantraArrayPrograms.ArrayPrograms" name="secondMinimumNumber" time="0.021"/>
  <system-out/>
  <testcase classname="testYantraArrayPrograms.ArrayPrograms" name="findFirstMinimumNumber">
    <skipped/>
  </testcase> <!-- findFirstMinimumNumber -->
  <system-out/>
  <testcase classname="testYantraArrayPrograms.ArrayPrograms" name="swapTwoNumber">
    <skipped/>
  </testcase> <!-- swapTwoNumber -->
  <system-out/>
  <testcase classname="testYantraArrayPrograms.ArrayPrograms" name="sortArrayUsingBubbleSort">
    <skipped/>
  </testcase> <!-- sortArrayUsingBubbleSort -->
  <system-out/>
  <testcase classname="testYantraArrayPrograms.ArrayPrograms" name="secondMinNumber">
    <skipped/>
  </testcase> <!-- secondMinNumber -->
  <system-out/>
  <testcase classname="testYantraArrayPrograms.ArrayPrograms" name="sumOfFirstThreeMinimum">
    <skipped/>
  </testcase> <!-- sumOfFirstThreeMinimum -->
  <system-out/>
  <testcase classname="testYantraArrayPrograms.ArrayPrograms" name="arrangeValues">
    <skipped/>
  </testcase> <!-- arrangeValues -->
  <system-out/>
  <testcase classname="testYantraArrayPrograms.ArrayPrograms" name="frequentlyRepeatedNumber">
    <skipped/>
  </testcase> <!-- frequentlyRepeatedNumber -->
  <system-out/>
  <testcase classname="testYantraArrayPrograms.ArrayPrograms" name="firstMaximumNumber">
    <skipped/>
  </testcase> <!-- firstMaximumNumber -->
  <system-out/>
  <testcase classname="testYantraArrayPrograms.ArrayPrograms" name="desortingOrder">
    <skipped/>
  </testcase> <!-- desortingOrder -->
  <system-out/>
</testsuite> <!-- testYantraArrayPrograms.ArrayPrograms -->
