<?xml version="1.0" encoding="UTF-8"?>
<!-- Generated by org.testng.reporters.JUnitReportReporter -->
<testsuite hostname="Shankar" failures="0" tests="1" name="com.practice.DataBaseReadMutlipleData" time="0.696" errors="0" timestamp="2024-03-09T12:16:41 IST" skipped="0">
  <testcase classname="com.practice.DataBaseReadMutlipleData" name="methos" time="0.696"/>
  <system-out/>
</testsuite> <!-- com.practice.DataBaseReadMutlipleData -->
