<?xml version="1.0" encoding="UTF-8"?>
<!-- Generated by org.testng.reporters.JUnitReportReporter -->
<testsuite hostname="Shankar" failures="0" tests="1" name="com.practice.cricbuzzPointsTable" time="26.300" errors="0" timestamp="2024-05-07T18:33:41 IST" skipped="0">
  <testcase classname="com.practice.cricbuzzPointsTable" name="name" time="26.300"/>
  <system-out/>
</testsuite> <!-- com.practice.cricbuzzPointsTable -->
