<?xml version="1.0" encoding="UTF-8"?>
<!-- Generated by org.testng.reporters.JUnitReportReporter -->
<testsuite hostname="Shankar" failures="0" tests="1" name="com.AdminModule.VerifyAdmin_ableToAdd_Speicalization" time="5.803" errors="0" timestamp="2024-02-28T09:52:51 IST" skipped="0">
  <testcase classname="com.AdminModule.VerifyAdmin_ableToAdd_Speicalization" name="verifivation" time="5.803"/>
  <system-out/>
</testsuite> <!-- com.AdminModule.VerifyAdmin_ableToAdd_Speicalization -->
