<?xml version="1.0" encoding="UTF-8"?>
<!-- Generated by org.testng.reporters.JUnitReportReporter -->
<testsuite hostname="Shankar" failures="0" tests="1" name="com.PatientModule.PatientRegistrationAndLoginTest" time="23.384" errors="0" timestamp="2024-03-01T14:45:38 IST" skipped="0">
  <testcase classname="com.PatientModule.PatientRegistrationAndLoginTest" name="PatientRegistrationLoginTest" time="23.384"/>
  <system-out>
PatientRegistrationLoginTest---> Execution Reports PatientRegistrationLoginTest--->test Script executed Succesfully  </system-out>
</testsuite> <!-- com.PatientModule.PatientRegistrationAndLoginTest -->
