<?xml version="1.0" encoding="UTF-8"?>
<!-- Generated by org.testng.reporters.JUnitReportReporter -->
<testsuite hostname="Shankar" failures="0" tests="1" name="testYantraArrayPrograms.PatternProgram" time="0.060" errors="0" timestamp="2024-05-18T14:41:32 IST" skipped="0">
  <testcase classname="testYantraArrayPrograms.PatternProgram" name="paternBWSpace" time="0.060"/>
  <system-out/>
</testsuite> <!-- testYantraArrayPrograms.PatternProgram -->
