<?xml version="1.0" encoding="UTF-8"?>
<!-- Generated by org.testng.reporters.JUnitReportReporter -->
<testsuite hostname="Shankar" failures="0" tests="1" name="assignment.handleCaptcha" time="0.031" errors="0" timestamp="2024-05-06T12:32:23 IST" skipped="0">
  <testcase classname="assignment.handleCaptcha" name="mn" time="0.031"/>
  <system-out/>
</testsuite> <!-- assignment.handleCaptcha -->
