<?xml version="1.0" encoding="UTF-8"?>
<!-- Generated by org.testng.reporters.JUnitReportReporter -->
<testsuite hostname="Shankar" failures="0" tests="1" name="assignment.MockTest" time="49.639" errors="0" timestamp="2024-03-04T17:41:14 IST" skipped="0">
  <testcase classname="assignment.MockTest" name="mock" time="49.639"/>
  <system-out/>
</testsuite> <!-- assignment.MockTest -->
