<?xml version="1.0" encoding="UTF-8"?>
<!-- Generated by org.testng.reporters.JUnitReportReporter -->
<testsuite hostname="Shankar" failures="0" tests="1" name="testYantraArrayPrograms.NumberPrograms" time="0.055" errors="0" timestamp="2024-04-01T09:55:55 IST" skipped="0">
  <testcase classname="testYantraArrayPrograms.NumberPrograms" name="anagram" time="0.055"/>
  <system-out/>
</testsuite> <!-- testYantraArrayPrograms.NumberPrograms -->
