<?xml version="1.0" encoding="UTF-8"?>
<!-- Generated by org.testng.reporters.JUnitReportReporter -->
<testsuite hostname="Shankar" failures="0" tests="1" name="testYantraArrayPrograms.StringPrograms" time="0.024" errors="0" timestamp="2024-05-27T21:33:02 IST" skipped="0">
  <testcase classname="testYantraArrayPrograms.StringPrograms" name="str6" time="0.024"/>
  <system-out/>
</testsuite> <!-- testYantraArrayPrograms.StringPrograms -->
