<?xml version="1.0" encoding="UTF-8"?>
<!-- Generated by org.testng.reporters.JUnitReportReporter -->
<testsuite hostname="Shankar" failures="0" tests="1" name="numberprograms.BinarySearch" time="0.034" errors="0" timestamp="2024-05-10T10:19:18 IST" skipped="0">
  <testcase classname="numberprograms.BinarySearch" name="main" time="0.034"/>
  <system-out/>
</testsuite> <!-- numberprograms.BinarySearch -->
