<?xml version="1.0" encoding="UTF-8"?>
<!-- Generated by org.testng.reporters.JUnitReportReporter -->
<testsuite hostname="Shankar" failures="0" tests="1" name="com.practice.arrayProgram" time="0.024" errors="0" timestamp="2024-05-20T20:01:35 IST" skipped="0">
  <testcase classname="com.practice.arrayProgram" name="m1" time="0.024"/>
  <system-out/>
</testsuite> <!-- com.practice.arrayProgram -->
