<?xml version="1.0" encoding="UTF-8"?>
<!-- Generated by org.testng.reporters.JUnitReportReporter -->
<testsuite hostname="Shankar" failures="0" tests="1" name="com.practice.sampleTest" time="17.467" errors="0" timestamp="2024-03-01T12:47:07 IST" skipped="0">
  <testcase classname="com.practice.sampleTest" name="testScript1_Test" time="17.467"/>
  <system-out/>
</testsuite> <!-- com.practice.sampleTest -->
