<?xml version="1.0" encoding="UTF-8"?>
<!-- Generated by org.testng.reporters.JUnitReportReporter -->
<testsuite hostname="Shankar" failures="0" tests="1" name="testYantraArrayPrograms.practice" time="0.027" errors="0" timestamp="2024-04-01T17:12:18 IST" skipped="0">
  <testcase classname="testYantraArrayPrograms.practice" name="s8" time="0.027"/>
  <system-out/>
</testsuite> <!-- testYantraArrayPrograms.practice -->
