<?xml version="1.0" encoding="UTF-8"?>
<!-- Generated by org.testng.reporters.JUnitReportReporter -->
<testsuite hostname="Shankar" failures="0" tests="1" name="testYantraArrayPrograms.practice" time="3.894" errors="0" timestamp="2024-05-01T10:24:26 IST" skipped="0">
  <testcase classname="testYantraArrayPrograms.practice" name="getCentredata" time="3.894"/>
  <system-out/>
</testsuite> <!-- testYantraArrayPrograms.practice -->
