<?xml version="1.0" encoding="UTF-8"?>
<!-- Generated by org.testng.reporters.JUnitReportReporter -->
<testsuite hostname="Shankar" failures="0" tests="1" name="javaPractice.collectionPractice" time="0.024" errors="0" timestamp="2024-03-27T13:23:21 IST" skipped="0">
  <testcase classname="javaPractice.collectionPractice" name="mn" time="0.024"/>
  <system-out/>
</testsuite> <!-- javaPractice.collectionPractice -->
