<?xml version="1.0" encoding="UTF-8"?>
<!-- Generated by org.testng.reporters.JUnitReportReporter -->
<testsuite hostname="Shankar" failures="0" tests="1" name="assignment.flipkartAddToCart" time="36.026" errors="0" timestamp="2024-03-05T13:48:15 IST" skipped="0">
  <testcase classname="assignment.flipkartAddToCart" name="addToCartProduct" time="36.026"/>
  <system-out/>
</testsuite> <!-- assignment.flipkartAddToCart -->
